<?xml version="1.0" encoding="UTF-8"?>
<!-- Generated by org.testng.reporters.JUnitReportReporter -->
<testsuite hostname="Yeshwanth-Kuruvilla" failures="0" tests="1" name="Cucumber.TestNgTestRunner" time="8.654" errors="0" timestamp="2025-02-22T13:50:47 IST" skipped="0">
  <testcase classname="Cucumber.TestNgTestRunner" name="runScenario" time="8.654"/>
  <system-out/>
</testsuite> <!-- Cucumber.TestNgTestRunner -->
